[    0.000000] Initializing cgroup subsys cpuset
[    0.000000] Initializing cgroup subsys cpu
[    0.000000] Initializing cgroup subsys cpuacct
[    0.000000] Linux version 4.4.0-193-generic (buildd@lgw01-amd64-024) (gcc version 5.4.0 20160609 (Ubuntu 5.4.0-6ubuntu1~16.04.12) ) #224-Ubuntu SMP Tue Oct 6 17:15:28 UTC 2020 (Ubuntu 4.4.0-193.224-generic 4.4.236)
[    0.000000] Command line: BOOT_IMAGE=/boot/vmlinuz-4.4.0-193-generic root=LABEL=cloudimg-rootfs ro console=tty1 console=ttyS0
[    0.000000] KERNEL supported cpus:
[    0.000000]   Intel GenuineIntel
[    0.000000]   AMD AuthenticAMD
[    0.000000]   Centaur CentaurHauls
[    0.000000] x86/fpu: xstate_offset[2]:  576, xstate_sizes[2]:  256
[    0.000000] x86/fpu: Supporting XSAVE feature 0x01: 'x87 floating point registers'
[    0.000000] x86/fpu: Supporting XSAVE feature 0x02: 'SSE registers'
[    0.000000] x86/fpu: Supporting XSAVE feature 0x04: 'AVX registers'
[    0.000000] x86/fpu: Enabled xstate features 0x7, context size is 832 bytes, using 'standard' format.
[    0.000000] e820: BIOS-provided physical RAM map:
[    0.000000] BIOS-e820: [mem 0x0000000000000000-0x000000000009fbff] usable
[    0.000000] BIOS-e820: [mem 0x000000000009fc00-0x000000000009ffff] reserved
[    0.000000] BIOS-e820: [mem 0x00000000000f0000-0x00000000000fffff] reserved
[    0.000000] BIOS-e820: [mem 0x0000000000100000-0x000000003ffeffff] usable
[    0.000000] BIOS-e820: [mem 0x000000003fff0000-0x000000003fffffff] ACPI data
[    0.000000] BIOS-e820: [mem 0x00000000fec00000-0x00000000fec00fff] reserved
[    0.000000] BIOS-e820: [mem 0x00000000fee00000-0x00000000fee00fff] reserved
[    0.000000] BIOS-e820: [mem 0x00000000fffc0000-0x00000000ffffffff] reserved
[    0.000000] NX (Execute Disable) protection: active
[    0.000000] SMBIOS 2.5 present.
[    0.000000] Hypervisor detected: KVM
[    0.000000] e820: last_pfn = 0x3fff0 max_arch_pfn = 0x400000000
[    0.000000] MTRR: Disabled
[    0.000000] x86/PAT: MTRRs disabled, skipping PAT initialization too.
[    0.000000] CPU MTRRs all blank - virtualized system.
[    0.000000] x86/PAT: Configuration [0-7]: WB  WT  UC- UC  WB  WT  UC- UC  
[    0.000000] found SMP MP-table at [mem 0x0009fff0-0x0009ffff] mapped at [ffff88000009fff0]
[    0.000000] Scanning 1 areas for low memory corruption
[    0.000000] RAMDISK: [mem 0x362de000-0x37166fff]
[    0.000000] ACPI: Early table checksum verification disabled
[    0.000000] ACPI: RSDP 0x00000000000E0000 000024 (v02 VBOX  )
[    0.000000] ACPI: XSDT 0x000000003FFF0030 00003C (v01 VBOX   VBOXXSDT 00000001 ASL  00000061)
[    0.000000] ACPI: FACP 0x000000003FFF00F0 0000F4 (v04 VBOX   VBOXFACP 00000001 ASL  00000061)
[    0.000000] ACPI: DSDT 0x000000003FFF0470 0022EA (v02 VBOX   VBOXBIOS 00000002 INTL 20100528)
[    0.000000] ACPI: FACS 0x000000003FFF0200 000040
[    0.000000] ACPI: FACS 0x000000003FFF0200 000040
[    0.000000] ACPI: APIC 0x000000003FFF0240 00005C (v02 VBOX   VBOXAPIC 00000001 ASL  00000061)
[    0.000000] ACPI: SSDT 0x000000003FFF02A0 0001CC (v01 VBOX   VBOXCPUT 00000002 INTL 20100528)
[    0.000000] No NUMA configuration found
[    0.000000] Faking a node at [mem 0x0000000000000000-0x000000003ffeffff]
[    0.000000] NODE_DATA(0) allocated [mem 0x3ffeb000-0x3ffeffff]
[    0.000000] kvm-clock: Using msrs 4b564d01 and 4b564d00
[    0.000000] kvm-clock: cpu 0, msr 0:3ffe3001, primary cpu clock
[    0.000000] kvm-clock: using sched offset of 4024901869 cycles
[    0.000000] clocksource: kvm-clock: mask: 0xffffffffffffffff max_cycles: 0x1cd42e4dffb, max_idle_ns: 881590591483 ns
[    0.000000] Zone ranges:
[    0.000000]   DMA      [mem 0x0000000000001000-0x0000000000ffffff]
[    0.000000]   DMA32    [mem 0x0000000001000000-0x000000003ffeffff]
[    0.000000]   Normal   empty
[    0.000000]   Device   empty
[    0.000000] Movable zone start for each node
[    0.000000] Early memory node ranges
[    0.000000]   node   0: [mem 0x0000000000001000-0x000000000009efff]
[    0.000000]   node   0: [mem 0x0000000000100000-0x000000003ffeffff]
[    0.000000] Initmem setup node 0 [mem 0x0000000000001000-0x000000003ffeffff]
[    0.000000] ACPI: PM-Timer IO Port: 0x4008
[    0.000000] IOAPIC[0]: apic_id 2, version 32, address 0xfec00000, GSI 0-23
[    0.000000] ACPI: INT_SRC_OVR (bus 0 bus_irq 0 global_irq 2 dfl dfl)
[    0.000000] ACPI: INT_SRC_OVR (bus 0 bus_irq 9 global_irq 9 low level)
[    0.000000] Using ACPI (MADT) for SMP configuration information
[    0.000000] smpboot: Allowing 2 CPUs, 0 hotplug CPUs
[    0.000000] PM: Registered nosave memory: [mem 0x00000000-0x00000fff]
[    0.000000] PM: Registered nosave memory: [mem 0x0009f000-0x0009ffff]
[    0.000000] PM: Registered nosave memory: [mem 0x000a0000-0x000effff]
[    0.000000] PM: Registered nosave memory: [mem 0x000f0000-0x000fffff]
[    0.000000] e820: [mem 0x40000000-0xfebfffff] available for PCI devices
[    0.000000] Booting paravirtualized kernel on KVM
[    0.000000] clocksource: refined-jiffies: mask: 0xffffffff max_cycles: 0xffffffff, max_idle_ns: 7645519600211568 ns
[    0.000000] setup_percpu: NR_CPUS:512 nr_cpumask_bits:512 nr_cpu_ids:2 nr_node_ids:1
[    0.000000] PERCPU: Embedded 33 pages/cpu @ffff88003fc00000 s95512 r8192 d31464 u1048576
[    0.000000] Built 1 zonelists in Node order, mobility grouping on.  Total pages: 257912
[    0.000000] Policy zone: DMA32
[    0.000000] Kernel command line: BOOT_IMAGE=/boot/vmlinuz-4.4.0-193-generic root=LABEL=cloudimg-rootfs ro console=tty1 console=ttyS0
[    0.000000] PID hash table entries: 4096 (order: 3, 32768 bytes)
[    0.000000] Memory: 997660K/1048120K available (8640K kernel code, 1337K rwdata, 4040K rodata, 1492K init, 1296K bss, 50460K reserved, 0K cma-reserved)
[    0.000000] SLUB: HWalign=64, Order=0-3, MinObjects=0, CPUs=2, Nodes=1
[    0.000000] Kernel/User page tables isolation: enabled
[    0.000000] Hierarchical RCU implementation.
[    0.000000] 	Build-time adjustment of leaf fanout to 64.
[    0.000000] 	RCU restricting CPUs from NR_CPUS=512 to nr_cpu_ids=2.
[    0.000000] RCU: Adjusting geometry for rcu_fanout_leaf=64, nr_cpu_ids=2
[    0.000000] NR_IRQS:33024 nr_irqs:440 16
[    0.000000] Console: colour VGA+ 80x25
[    0.000000] console [tty1] enabled
[    0.000000] console [ttyS0] enabled
[    0.000000] tsc: Detected 3600.002 MHz processor
[    0.218770] Calibrating delay loop (skipped) preset value.. 7200.00 BogoMIPS (lpj=14400008)
[    0.220729] pid_max: default: 32768 minimum: 301
[    0.221702] ACPI: Core revision 20150930
[    0.224673] ACPI: 2 ACPI AML tables successfully acquired and loaded
[    0.226105] Security Framework initialized
[    0.227009] Yama: becoming mindful.
[    0.227833] AppArmor: AppArmor initialized
[    0.228981] Dentry cache hash table entries: 131072 (order: 8, 1048576 bytes)
[    0.247773] Inode-cache hash table entries: 65536 (order: 7, 524288 bytes)
[    0.249157] Mount-cache hash table entries: 2048 (order: 2, 16384 bytes)
[    0.250543] Mountpoint-cache hash table entries: 2048 (order: 2, 16384 bytes)
[    0.251996] Initializing cgroup subsys io
[    0.252898] Initializing cgroup subsys memory
[    0.253935] Initializing cgroup subsys devices
[    0.254914] Initializing cgroup subsys freezer
[    0.255830] Initializing cgroup subsys net_cls
[    0.256742] Initializing cgroup subsys perf_event
[    0.257718] Initializing cgroup subsys net_prio
[    0.258715] Initializing cgroup subsys hugetlb
[    0.259745] Initializing cgroup subsys pids
[    0.261667] mce: CPU supports 0 MCE banks
[    0.263013] Last level iTLB entries: 4KB 128, 2MB 8, 4MB 8
[    0.264373] Last level dTLB entries: 4KB 64, 2MB 0, 4MB 0, 1GB 4
[    0.265568] Spectre V1 : Mitigation: usercopy/swapgs barriers and __user pointer sanitization
[    0.267498] Spectre V2 : Mitigation: Full generic retpoline
[    0.268721] Spectre V2 : Spectre v2 / SpectreRSB mitigation: Filling RSB on context switch
[    0.271491] Speculative Store Bypass: Vulnerable
[    0.273586] SRBDS: Unknown: Dependent on hypervisor status
[    0.276759] MDS: Vulnerable: Clear CPU buffers attempted, no microcode
[    0.280898] Freeing SMP alternatives memory: 36K
[    0.287443] ftrace: allocating 32346 entries in 127 pages
[    0.366848] smpboot: APIC(0) Converting physical 0 to logical package 0
[    0.368124] smpboot: Max logical packages: 1
[    0.369312] x2apic enabled
[    0.370311] Switched APIC routing to physical x2apic.
[    0.372586] ..TIMER: vector=0x30 apic1=0 pin1=2 apic2=-1 pin2=-1
[    0.481926] smpboot: CPU0: Intel(R) Core(TM) i3-9100F CPU @ 3.60GHz (family: 0x6, model: 0x9e, stepping: 0xa)
[    0.484099] Performance Events: unsupported p6 CPU model 158 no PMU driver, software events only.
[    0.500422] KVM setup paravirtual spinlock
[    0.501893] x86: Booting SMP configuration:
[    0.502834] .... node  #0, CPUs:      #1
[    0.503782] kvm-clock: cpu 1, msr 0:3ffe3041, secondary cpu clock
[    0.508004] mce: CPU supports 0 MCE banks
[    0.510536] x86: Booted up 1 node, 2 CPUs
[    0.511652] smpboot: Total of 2 processors activated (14400.00 BogoMIPS)
[    0.513665] devtmpfs: initialized
[    0.515894] evm: security.selinux
[    0.516639] evm: security.SMACK64
[    0.517838] evm: security.SMACK64EXEC
[    0.518727] evm: security.SMACK64TRANSMUTE
[    0.519626] evm: security.SMACK64MMAP
[    0.520457] evm: security.ima
[    0.521123] evm: security.capability
[    0.522048] clocksource: jiffies: mask: 0xffffffff max_cycles: 0xffffffff, max_idle_ns: 7645041785100000 ns
[    0.524003] futex hash table entries: 512 (order: 3, 32768 bytes)
[    0.525277] pinctrl core: initialized pinctrl subsystem
[    0.526466] RTC time: 14:41:01, date: 11/03/20
[    0.527582] NET: Registered protocol family 16
[    0.538233] cpuidle: using governor ladder
[    0.550984] cpuidle: using governor menu
[    0.551822] PCCT header not found.
[    0.552632] ACPI: bus type PCI registered
[    0.553454] acpiphp: ACPI Hot Plug PCI Controller Driver version: 0.5
[    0.554744] PCI: Using configuration type 1 for base access
[    0.567128] ACPI: Added _OSI(Module Device)
[    0.567986] ACPI: Added _OSI(Processor Device)
[    0.568884] ACPI: Added _OSI(3.0 _SCP Extensions)
[    0.569930] ACPI: Added _OSI(Processor Aggregator Device)
[    0.572053] ACPI: Executed 1 blocks of module-level executable AML code
[    0.577361] ACPI: Interpreter enabled
[    0.578262] ACPI: (supports S0 S5)
[    0.579544] ACPI: Using IOAPIC for interrupt routing
[    0.580738] PCI: Using host bridge windows from ACPI; if necessary, use "pci=nocrs" and report a bug
[    0.590984] ACPI: PCI Root Bridge [PCI0] (domain 0000 [bus 00-ff])
[    0.592281] acpi PNP0A03:00: _OSC: OS supports [ASPM ClockPM Segments MSI]
[    0.593894] acpi PNP0A03:00: _OSC: not requesting OS control; OS requires [ExtendedConfig ASPM ClockPM MSI]
[    0.596362] acpi PNP0A03:00: fail to add MMCONFIG information, can't access extended PCI configuration space under this bridge.
[    0.598744] PCI host bridge to bus 0000:00
[    0.599565] pci_bus 0000:00: root bus resource [io  0x0000-0x0cf7 window]
[    0.600911] pci_bus 0000:00: root bus resource [io  0x0d00-0xffff window]
[    0.602231] pci_bus 0000:00: root bus resource [mem 0x000a0000-0x000bffff window]
[    0.603859] pci_bus 0000:00: root bus resource [mem 0x40000000-0xfdffffff window]
[    0.605518] pci_bus 0000:00: root bus resource [bus 00-ff]
[    0.608307] pci 0000:00:01.1: legacy IDE quirk: reg 0x10: [io  0x01f0-0x01f7]
[    0.609773] pci 0000:00:01.1: legacy IDE quirk: reg 0x14: [io  0x03f6]
[    0.611051] pci 0000:00:01.1: legacy IDE quirk: reg 0x18: [io  0x0170-0x0177]
[    0.623813] pci 0000:00:01.1: legacy IDE quirk: reg 0x1c: [io  0x0376]
[    0.636207] pci 0000:00:07.0: quirk: [io  0x4000-0x403f] claimed by PIIX4 ACPI
[    0.637768] pci 0000:00:07.0: quirk: [io  0x4100-0x410f] claimed by PIIX4 SMB
[    0.642943] ACPI: PCI Interrupt Link [LNKA] (IRQs 5 9 10 *11)
[    0.644777] ACPI: PCI Interrupt Link [LNKB] (IRQs 5 9 *10 11)
[    0.647321] ACPI: PCI Interrupt Link [LNKC] (IRQs 5 *9 10 11)
[    0.648890] ACPI: PCI Interrupt Link [LNKD] (IRQs 5 9 10 *11)
[    0.650506] ACPI: Enabled 2 GPEs in block 00 to 07
[    0.651770] vgaarb: setting as boot device: PCI:0000:00:02.0
[    0.652810] vgaarb: device added: PCI:0000:00:02.0,decodes=io+mem,owns=io+mem,locks=none
[    0.654510] vgaarb: loaded
[    0.655188] vgaarb: bridge control possible 0000:00:02.0
[    0.656400] SCSI subsystem initialized
[    0.657294] ACPI: bus type USB registered
[    0.658212] usbcore: registered new interface driver usbfs
[    0.659299] usbcore: registered new interface driver hub
[    0.660405] usbcore: registered new device driver usb
[    0.661581] PCI: Using ACPI for IRQ routing
[    0.663034] NetLabel: Initializing
[    0.663764] NetLabel:  domain hash size = 128
[    0.664614] NetLabel:  protocols = UNLABELED CIPSOv4
[    0.684606] NetLabel:  unlabeled traffic allowed by default
[    0.685956] amd_nb: Cannot enumerate AMD northbridges
[    0.687005] clocksource: Switched to clocksource kvm-clock
[    0.733106] AppArmor: AppArmor Filesystem Enabled
[    0.734071] pnp: PnP ACPI init
[    0.735445] pnp: PnP ACPI: found 3 devices
[    0.744861] clocksource: acpi_pm: mask: 0xffffff max_cycles: 0xffffff, max_idle_ns: 2085701024 ns
[    0.746864] NET: Registered protocol family 2
[    0.748136] TCP established hash table entries: 8192 (order: 4, 65536 bytes)
[    0.749840] TCP bind hash table entries: 8192 (order: 5, 131072 bytes)
[    0.751028] TCP: Hash tables configured (established 8192 bind 8192)
[    0.752257] UDP hash table entries: 512 (order: 2, 16384 bytes)
[    0.753378] UDP-Lite hash table entries: 512 (order: 2, 16384 bytes)
[    0.754630] NET: Registered protocol family 1
[    0.755621] pci 0000:00:00.0: Limiting direct PCI/PCI transfers
[    0.756793] pci 0000:00:01.0: Activating ISA DMA hang workarounds
[    0.758044] Unpacking initramfs...
[    1.363339] Freeing initrd memory: 14884K
[    1.364553] clocksource: tsc: mask: 0xffffffffffffffff max_cycles: 0x33e4559ce44, max_idle_ns: 440795364889 ns
[    1.366520] platform rtc_cmos: registered platform RTC device (no PNP device found)
[    1.368374] Scanning for low memory corruption every 60 seconds
[    1.370309] audit: initializing netlink subsys (disabled)
[    1.371352] audit: type=2000 audit(1604414468.180:1): initialized
[    1.372809] Initialise system trusted keyring
[    1.373919] HugeTLB registered 2 MB page size, pre-allocated 0 pages
[    1.376219] zbud: loaded
[    1.377220] VFS: Disk quotas dquot_6.6.0
[    1.378079] VFS: Dquot-cache hash table entries: 512 (order 0, 4096 bytes)
[    1.380300] squashfs: version 4.0 (2009/01/31) Phillip Lougher
[    1.381668] fuse init (API version 7.23)
[    1.382661] Key type big_key registered
[    1.383597] Allocating IMA MOK and blacklist keyrings.
[    1.385985] Key type asymmetric registered
[    1.386826] Asymmetric key parser 'x509' registered
[    1.387900] Block layer SCSI generic (bsg) driver version 0.4 loaded (major 249)
[    1.389539] io scheduler noop registered
[    1.390411] io scheduler deadline registered (default)
[    1.391490] io scheduler cfq registered
[    1.392388] pci_hotplug: PCI Hot Plug PCI Core version: 0.5
[    1.393446] pciehp: PCI Express Hot Plug Controller Driver version: 0.4
[    1.394761] ACPI: AC Adapter [AC] (on-line)
[    1.396315] input: Power Button as /devices/LNXSYSTM:00/LNXPWRBN:00/input/input0
[    1.397977] ACPI: Power Button [PWRF]
[    1.398863] input: Sleep Button as /devices/LNXSYSTM:00/LNXSLPBN:00/input/input1
[    1.400573] ACPI: Sleep Button [SLPF]
[    1.401599] GHES: HEST is not enabled!
[    1.402596] Serial: 8250/16550 driver, 32 ports, IRQ sharing enabled
[    1.424463] 00:02: ttyS0 at I/O 0x3f8 (irq = 4, base_baud = 115200) is a 16550A
[    1.429316] Linux agpgart interface v0.103
[    1.431552] loop: module loaded
[    1.432718] scsi host0: ata_piix
[    1.433603] scsi host1: ata_piix
[    1.434383] ata1: PATA max UDMA/33 cmd 0x1f0 ctl 0x3f6 bmdma 0xd000 irq 14
[    1.435716] ata2: PATA max UDMA/33 cmd 0x170 ctl 0x376 bmdma 0xd008 irq 15
[    1.437396] libphy: Fixed MDIO Bus: probed
[    1.438335] tun: Universal TUN/TAP device driver, 1.6
[    1.439563] tun: (C) 1999-2004 Max Krasnyansky <maxk@qualcomm.com>
[    1.440893] PPP generic driver version 2.4.2
[    1.442848] ehci_hcd: USB 2.0 'Enhanced' Host Controller (EHCI) Driver
[    1.444191] ehci-pci: EHCI PCI platform driver
[    1.445829] ehci-platform: EHCI generic platform driver
[    1.447287] ohci_hcd: USB 1.1 'Open' Host Controller (OHCI) Driver
[    1.448500] ohci-pci: OHCI PCI platform driver
[    1.449435] ohci-platform: OHCI generic platform driver
[    1.450471] uhci_hcd: USB Universal Host Controller Interface driver
[    1.451773] i8042: PNP: PS/2 Controller [PNP0303:PS2K,PNP0f03:PS2M] at 0x60,0x64 irq 1,12
[    1.453890] serio: i8042 KBD port at 0x60,0x64 irq 1
[    1.454877] serio: i8042 AUX port at 0x60,0x64 irq 12
[    1.456209] mousedev: PS/2 mouse device common for all mice
[    1.457675] input: AT Translated Set 2 keyboard as /devices/platform/i8042/serio0/input/input2
[    1.459885] rtc_cmos rtc_cmos: rtc core: registered rtc_cmos as rtc0
[    1.461186] rtc_cmos rtc_cmos: alarms up to one day, 114 bytes nvram
[    1.462566] i2c /dev entries driver
[    1.463571] device-mapper: uevent: version 1.0.3
[    1.464808] device-mapper: ioctl: 4.34.0-ioctl (2015-10-28) initialised: dm-devel@redhat.com
[    1.466559] ledtrig-cpu: registered to indicate activity on CPUs
[    1.468375] NET: Registered protocol family 10
[    1.469568] NET: Registered protocol family 17
[    1.470525] Key type dns_resolver registered
[    1.472185] registered taskstats version 1
[    1.473108] Loading compiled-in X.509 certificates
[    1.474572] Loaded X.509 cert 'Build time autogenerated kernel key: 399ad61e9457a71f6b31060684c17f14836880c9'
[    1.476632] zswap: loaded using pool lzo/zbud
[    1.479459] Key type trusted registered
[    1.483373] Key type encrypted registered
[    1.484278] AppArmor: AppArmor sha1 policy hashing enabled
[    1.485435] ima: No TPM chip found, activating TPM-bypass!
[    1.486554] ima: Allocated hash algorithm: sha1
[    1.487573] evm: HMAC attrs: 0x1
[    1.488669]   Magic number: 12:871:686
[    1.489582] rtc_cmos rtc_cmos: setting system clock to 2020-11-03 14:41:02 UTC (1604414462)
[    1.496484] BIOS EDD facility v0.16 2004-Jun-25, 0 devices found
[    1.497816] EDD information not available.
[    1.596962] Freeing unused kernel memory: 1492K
[    1.597956] Write protecting the kernel read-only data: 14336k
[    1.599493] Freeing unused kernel memory: 1588K
[    1.600597] Freeing unused kernel memory: 56K
Loading, please wait...
starting version 229
[    1.612258] random: systemd-udevd: uninitialized urandom read (16 bytes read, 3 bits of entropy available)
[    1.612908] random: udevadm: uninitialized urandom read (16 bytes read, 3 bits of entropy available)
[    1.612923] random: udevadm: uninitialized urandom read (16 bytes read, 3 bits of entropy available)
[    1.618466] random: systemd-udevd: uninitialized urandom read (16 bytes read, 3 bits of entropy available)
[    1.619664] random: udevadm: uninitialized urandom read (16 bytes read, 3 bits of entropy available)
[    1.619696] random: udevadm: uninitialized urandom read (16 bytes read, 3 bits of entropy available)
[    1.619808] random: udevadm: uninitialized urandom read (16 bytes read, 3 bits of entropy available)
[    1.619846] random: udevadm: uninitialized urandom read (16 bytes read, 3 bits of entropy available)
[    1.619886] random: udevadm: uninitialized urandom read (16 bytes read, 3 bits of entropy available)
[    1.619925] random: udevadm: uninitialized urandom read (16 bytes read, 3 bits of entropy available)
[    1.656252] Fusion MPT base driver 3.04.20
[    1.657270] Copyright (c) 1999-2008 LSI Corporation
[    1.672199] e1000: Intel(R) PRO/1000 Network Driver - version 7.3.21-k8-NAPI
[    1.673504] e1000: Copyright (c) 1999-2006 Intel Corporation.
[    1.683999] Fusion MPT SPI Host driver 3.04.20
[    1.686529] AVX2 version of gcm_enc/dec engaged.
[    1.687598] AES CTR mode by8 optimization enabled
[    1.889873] input: ImExPS/2 Generic Explorer Mouse as /devices/platform/i8042/serio1/input/input4
[    2.064021] e1000 0000:00:03.0 eth0: (PCI:33MHz:32-bit) 02:87:69:55:97:2d
[    2.065296] e1000 0000:00:03.0 eth0: Intel(R) PRO/1000 Network Connection
[    2.067181] mptbase: ioc0: Initiating bringup
[    2.067311] e1000 0000:00:03.0 enp0s3: renamed from eth0
[    2.136137] ioc0: LSI53C1030 A0: Capabilities={Initiator}
[    2.299914] scsi host2: ioc0: LSI53C1030 A0, FwRev=00000000h, Ports=1, MaxQ=256, IRQ=20
[    2.422201] scsi 2:0:0:0: Direct-Access     VBOX     HARDDISK         1.0  PQ: 0 ANSI: 5
[    2.427735] scsi target2:0:0: Beginning Domain Validation
[    2.434449] scsi target2:0:0: Domain Validation skipping write tests
[    2.435644] scsi target2:0:0: Ending Domain Validation
[    2.436754] scsi target2:0:0: asynchronous
[    2.438292] scsi 2:0:1:0: Direct-Access     VBOX     HARDDISK         1.0  PQ: 0 ANSI: 5
[    2.439933] scsi target2:0:1: Beginning Domain Validation
[    2.442397] scsi target2:0:1: Domain Validation skipping write tests
[    2.443722] scsi target2:0:1: Ending Domain Validation
[    2.444888] scsi target2:0:1: asynchronous
[    2.469426] sd 2:0:0:0: [sda] 20971520 512-byte logical blocks: (10.7 GB/10.0 GiB)
[    2.469567] sd 2:0:0:0: Attached scsi generic sg0 type 0
[    2.472228] sd 2:0:1:0: Attached scsi generic sg1 type 0
[    2.472238] sd 2:0:0:0: [sda] Write Protect is off
[    2.473353] sd 2:0:1:0: [sdb] 20480 512-byte logical blocks: (10.5 MB/10.0 MiB)
[    2.474427] sd 2:0:0:0: [sda] Incomplete mode parameter data
[    2.474428] sd 2:0:0:0: [sda] Assuming drive cache: write through
[    2.478964] sd 2:0:1:0: [sdb] Write Protect is off
[    2.481705] sd 2:0:1:0: [sdb] Incomplete mode parameter data
[    2.482825] sd 2:0:1:0: [sdb] Assuming drive cache: write through
[    2.489773]  sda: sda1
[    2.491451] sd 2:0:0:0: [sda] Attached SCSI disk
[    2.511120] sd 2:0:1:0: [sdb] Attached SCSI disk
Begin: Loading essential drivers ... [    3.964327] md: linear personality registered for level -1
[    3.967495] md: multipath personality registered for level -4
[    3.970348] md: raid0 personality registered for level 0
[    3.978201] md: raid1 personality registered for level 1
[    4.047816] raid6: sse2x1   gen() 13974 MB/s
[    4.115256] raid6: sse2x1   xor()  9647 MB/s
[    4.183535] raid6: sse2x2   gen() 17026 MB/s
[    4.251796] raid6: sse2x2   xor() 10573 MB/s
[    4.319646] raid6: sse2x4   gen() 19628 MB/s
[    4.387047] raid6: sse2x4   xor() 10953 MB/s
[    4.455331] raid6: avx2x1   gen() 26971 MB/s
[    4.523682] raid6: avx2x2   gen() 30680 MB/s
[    4.591016] raid6: avx2x4   gen() 34533 MB/s
[    4.591927] raid6: using algorithm avx2x4 gen() 34533 MB/s
[    4.593016] raid6: using avx2x2 recovery algorithm
[    4.595196] xor: automatically using best checksumming function:
[    4.639319]    avx       : 27376.000 MB/sec
[    4.641227] async_tx: api initialized (async)
[    4.650149] md: raid6 personality registered for level 6
[    4.651213] md: raid5 personality registered for level 5
[    4.652244] md: raid4 personality registered for level 4
[    4.658673] md: raid10 personality registered for level 10
done.
Begin: Running /scripts/init-premount ... done.
Begin: Mounting root file system ... Begin: Running /scripts/local-top ... done.
Begin: Running /scripts/local-premount ... [    4.684752] Btrfs loaded
Scanning for Btrfs filesystems
done.
Warning: fsck not present, so skipping root file system
[    4.777282] EXT4-fs (sda1): mounted filesystem with ordered data mode. Opts: (null)
done.
Begin: Running /scripts/local-bottom ... done.
Begin: Running /scripts/init-bottom ... done.
[    5.094940] systemd[1]: systemd 229 running in system mode. (+PAM +AUDIT +SELINUX +IMA +APPARMOR +SMACK +SYSVINIT +UTMP +LIBCRYPTSETUP +GCRYPT +GNUTLS +ACL +XZ -LZ4 +SECCOMP +BLKID +ELFUTILS +KMOD -IDN)
[    5.098675] systemd[1]: Detected virtualization oracle.
[    5.099760] systemd[1]: Detected architecture x86-64.

Welcome to [1mUbuntu 16.04.7 LTS[0m!

[    5.137187] systemd[1]: Set hostname to <ubuntu>.
[    5.171995] systemd[1]: Initializing machine ID from random generator.
[    5.173249] systemd[1]: Installed transient /etc/machine-id file.
[    5.483878] random: nonblocking pool is initialized
[    5.671025] systemd[1]: Listening on Journal Socket (/dev/log).
[[0;32m  OK  [0m] Listening on Journal Socket (/dev/log).
[    5.673108] systemd[1]: Listening on udev Control Socket.
[[0;32m  OK  [0m] Listening on udev Control Socket.
[    5.674956] systemd[1]: Listening on Journal Socket.
[[0;32m  OK  [0m] Listening on Journal Socket.
[    5.676726] systemd[1]: Listening on udev Kernel Socket.
[[0;32m  OK  [0m] Listening on udev Kernel Socket.
[    5.678739] systemd[1]: Created slice User and Session Slice.
[[0;32m  OK  [0m] Created slice User and Session Slice.
[    5.680742] systemd[1]: Reached target System Time Synchronized.
[[0;32m  OK  [0m] Reached target System Time Synchronized.
[    5.682695] systemd[1]: Started Forward Password Requests to Wall Directory Watch.
[[0;32m  OK  [0m] Started Forward Password Requests to Wall Directory Watch.
[    5.692084] systemd[1]: Listening on LVM2 metadata daemon socket.
[[0;32m  OK  [0m] Listening on LVM2 metadata daemon socket.
[    5.699919] systemd[1]: Listening on Journal Audit Socket.
[[0;32m  OK  [0m] Listening on Journal Audit Socket.
[    5.707949] systemd[1]: Created slice System Slice.
[[0;32m  OK  [0m] Created slice System Slice.
[    5.723170] systemd[1]: Starting Uncomplicated firewall...
         Starting Uncomplicated firewall...
[    5.750382] systemd[1]: Starting Load Kernel Modules...
         Starting Load Kernel Modules...
[    5.764267] systemd[1]: Starting Set console keymap...
         Starting Set console keymap...
[    5.765999] systemd[1]: Created slice system-serial\x2dgetty.slice.
[[0;32m  OK  [0m] Created slice system-serial\x2dgetty.slice.
[    5.768331] systemd[1]: Mounting Debug File System...
         Mounting Debug File System...
[    5.769793] systemd[1]: Reached target Swap.
[[0;32m  OK  [0m] Reached target Swap.
[    5.771146] systemd[1]: Listening on Syslog Socket.
[[0;32m  OK  [0m] Listening on Syslog Socket.
[    5.773088] systemd[1]: Starting Journal Service...
         Starting Journal Service...
[    5.774918] systemd[1]: Mounting POSIX Message Queue File System...
         Mounting POSIX Message Queue File System...
[    5.776882] systemd[1]: Set up automount Arbitrary Executable File Formats File System Automount Point.
[[0;32m  OK  [0m] Set up automount Arbitrary Executab...ats File System Automount Point.
[    5.788211] systemd[1]: Starting Nameserver information manager...
         Starting Nameserver information manager...
[    5.790604] systemd[1]: Started Trigger resolvconf update for networkd DNS.
[[0;32m  OK  [0m] Started Trigger resolvconf update for networkd DNS.
[    5.800298] systemd[1]: Starting Remount Root and Kernel File Systems...
         Starting Remount Root and Kernel File Systems...
[    5.807640] systemd[1]: Reached target Encrypted Volumes.
[[0;32m  OK  [0m] Reached target Encrypted Volumes.
[    5.809396] systemd[1]: Reached target Slices.
[[0;32m  OK  [0m] Reached target Slices.
[    5.811492] systemd[1]: Mounting Huge Pages File System...
         Mounting Huge Pages File System...
[    5.814591] systemd[1]: Starting Create list of required static device nodes for the current kernel...
[    5.816522] EXT4-fs (sda1): re-mounted. Opts: (null)
         Starting Create list of required st... nodes for the current kernel...
[    5.818486] systemd[1]: Listening on LVM2 poll daemon socket.
[[0;32m  OK  [0m] Listening on LVM2 poll daemon socket.
[    5.823476] Loading iSCSI transport class v2.0-870.
[    5.834857] systemd[1]: Reached target User and Group Name Lookups.
[[0;32m  OK  [0m] Reached target User and Group Name Lookups.
[    5.836927] systemd[1]: Listening on Device-mapper event daemon FIFOs.
[[0;32m  OK  [0m] Listening on Device-mapper event daemon FIFOs.
[    5.839385] systemd[1]: Starting Monitoring of LVM2 mirrors, snapshots etc. using dmeventd or progress polling...
         Starting Monitoring of LVM2 mirrors... dmeventd or progress polling...
[    5.842248] systemd[1]: Listening on /dev/initctl Compatibility Named Pipe.
[[0;32m  OK  [0m] Listening on /dev/initctl Compatibility Named Pipe.
[    5.852955] systemd[1]: Mounted Huge Pages File System.
[[0;32m  OK  [0m] Mounted Huge Pages File System.
[    5.859335] systemd[1]: Mounted Debug File System.
[[0;32m  OK  [0m] Mounted Debug File System.
[    5.867876] systemd[1]: Mounted POSIX Message Queue File System.
[[0;32m  OK  [0m] Mounted POSIX Message Queue File System.
[    5.870025] systemd[1]: Started Uncomplicated firewall.
[[0;32m  OK  [0m] Started Uncomplicated firewall.
[    5.884150] systemd[1]: Started Remount Root and Kernel File Systems.
[[0;32m  OK  [0m] Started Remount Root and Kernel File Systems.
[    5.935554] systemd[1]: Starting udev Coldplug all Devices...
         Starting udev Coldplug all Devices...
[    5.937898] systemd[1]: Starting Load/Save Random Seed...
         Starting Load/Save Random Seed...
[    5.972881] iscsi: registered transport (tcp)
[    5.979839] systemd[1]: Started Create list of required static device nodes for the current kernel.
[[0;32m  OK  [0m] Started Create list of required sta...ce nodes for the current kernel.
[    6.011680] systemd[1]: Started Nameserver information manager.
[[0;32m  OK  [0m] Started Nameserver information manager.
[    6.019935] systemd[1]: Started Set console keymap.
[[0;32m  OK  [0m] Started Set console keymap.
[    6.028947] systemd[1]: Starting Create Static Device Nodes in /dev...
         Starting Create Static Device Nodes in /dev...
[    6.051903] systemd[1]: Started Load/Save Random Seed.
[[0;32m  OK  [0m] Started Load/Save Random Seed.
[    6.204133] systemd[1]: Started udev Coldplug all Devices.
[[0;32m  OK  [0m] Started udev Coldplug all Devices.
[    6.215747] systemd[1]: Started Journal Service.
[[0;32m  OK  [0m] Started Journal Service.
         Starting Flush Journal to Persistent Storage...
[    6.255602] iscsi: registered transport (iser)
[[0;32m  OK  [0m] Started Load Kernel Modules.
         Starting Apply Kernel Variables...
         Mounting FUSE Control File System...
[[0;32m  OK  [0m] Mounted FUSE Control File System.
[    6.285743] systemd-journald[379]: Received request to flush runtime journal from PID 1
[[0;32m  OK  [0m] Started LVM2 metadata daemon.
[[0;32m  OK  [0m] Started Flush Journal to Persistent Storage.
[[0;32m  OK  [0m] Started Apply Kernel Variables.
[[0;32m  OK  [0m] Started Create Static Device Nodes in /dev.
         Starting udev Kernel Device Manager...
[[0;32m  OK  [0m] Started udev Kernel Device Manager.
[[0;32m  OK  [0m] Started Dispatch Password Requests to Console Directory Watch.
[[0;32m  OK  [0m] Started Monitoring of LVM2 mirrors,...ng dmeventd or progress polling.
[[0;32m  OK  [0m] Reached target Local File Systems (Pre).
[[0;32m  OK  [0m] Reached target Local File Systems.
         Starting Create Volatile Files and Directories...
         Starting Initial cloud-init job (pre-networking)...
         Starting Commit a transient machine-id on disk...
         Starting LSB: AppArmor initialization...
         Starting Set console font and keymap...
         Starting Tell Plymouth To Write Out Runtime Data...
[[0;32m  OK  [0m] Started Tell Plymouth To Write Out Runtime Data.
[[0;32m  OK  [0m] Started Create Volatile Files and Directories.
[[0;32m  OK  [0m] Started Commit a transient machine-id on disk.
         Starting Update UTMP about System Boot/Shutdown...
[[0;32m  OK  [0m] Found device /dev/ttyS0.
[[0;32m  OK  [0m] Listening on Load/Save RF Kill Switch Status /dev/rfkill Watch.
[[0;32m  OK  [0m] Started Update UTMP about System Boot/Shutdown.
[[0;32m  OK  [0m] Started Set console font and keymap.
[[0;32m  OK  [0m] Created slice system-getty.slice.
[[0;32m  OK  [0m] Started LSB: AppArmor initialization.
         Starting Load AppArmor profiles managed internally by snapd...
[[0;32m  OK  [0m] Started Load AppArmor profiles managed internally by snapd.
[   10.128591] cloud-init[481]: Cloud-init v. 20.3-2-g371b392c-0ubuntu1~16.04.1 running 'init-local' at Tue, 03 Nov 2020 14:41:10 +0000. Up 9.64 seconds.
[[0;32m  OK  [0m] Started Initial cloud-init job (pre-networking).
[[0;32m  OK  [0m] Reached target Network (Pre).
         Starting Raise network interfaces...
[[0;32m  OK  [0m] Started Raise network interfaces.
[[0;32m  OK  [0m] Reached target Network.
         Starting Initial cloud-init job (metadata service crawler)...
[   12.798185] cloud-init[956]: Cloud-init v. 20.3-2-g371b392c-0ubuntu1~16.04.1 running 'init' at Tue, 03 Nov 2020 14:41:12 +0000. Up 10.77 seconds.
[   12.799576] cloud-init[956]: ci-info: ++++++++++++++++++++++++++++++++++++++Net device info++++++++++++++++++++++++++++++++++++++
[   12.800484] cloud-init[956]: ci-info: +--------+------+----------------------------+---------------+--------+-------------------+
[   12.803074] cloud-init[956]: ci-info: | Device |  Up  |          Address           |      Mask     | Scope  |     Hw-Address    |
[   12.804184] cloud-init[956]: ci-info: +--------+------+----------------------------+---------------+--------+-------------------+
[   12.805164] cloud-init[956]: ci-info: | enp0s3 | True |         10.0.2.15          | 255.255.255.0 | global | 02:87:69:55:97:2d |
[   12.806338] cloud-init[956]: ci-info: | enp0s3 | True | fe80::87:69ff:fe55:972d/64 |       .       |  link  | 02:87:69:55:97:2d |
[   12.812676] cloud-init[956]: ci-info: |   lo   | True |         127.0.0.1          |   255.0.0.0   |  host  |         .         |
[   12.820338] cloud-init[956]: ci-info: |   lo   | True |          ::1/128           |       .       |  host  |         .         |
[   12.821640] cloud-init[956]: ci-info: +--------+------+----------------------------+---------------+--------+-------------------+
[   12.823760] cloud-init[956]: ci-info: +++++++++++++++++++++++++++Route IPv4 info++++++++++++++++++++++++++++
[   12.832330] cloud-init[956]: ci-info: +-------+-------------+----------+---------------+-----------+-------+
[   12.840516] cloud-init[956]: ci-info: | Route | Destination | Gateway  |    Genmask    | Interface | Flags |
[   12.841428] cloud-init[956]: ci-info: +-------+-------------+----------+---------------+-----------+-------+
[[0;32m  OK  [0m] Started Initial cloud-init job (metadata service crawler).
[[0;32m  OK  [0m] Reached target Cloud-config availability.
[[0;32m  OK  [0m] Reached target System Initialization.
[[0;32m  OK  [0m] Listening on D-Bus System Message Bus Socket.
[   12.845853] cloud-init[956]: ci-info: |   0   |   0.0.0.0   | 10.0.2.2 |    0.0.0.0    |   enp0s3  |   UG  |
[   12.856934] cloud-init[956]: ci-info: |   1   |   10.0.2.0  | 0.0.0.0  | 255.255.255.0 |   enp0s3  |   U   |
[   12.858560] cloud-init[956]: ci-info: +-------+-------------+----------+---------------+-----------+-------+
[   12.864678] cloud-init[956]: ci-info: +++++++++++++++++++Route IPv6 info+++++++++++++++++++
[   12.865529] cloud-init[956]: ci-info: +-------+-------------+---------+-----------+-------+
[   12.885576] cloud-init[956]: ci-info: | Route | Destination | Gateway | Interface | Flags |
[   12.892167] cloud-init[956]: ci-info: +-------+-------------+---------+-----------+-------+
[[0;32m  OK  [0m] Listening on UUID daemon activation socket.
[[0;32m  OK  [0m] Started Message of the Day.
[   12.898284] cloud-init[956]: ci-info: |   0   |  fe80::/64  |    ::   |   enp0s3  |   U   |
[   12.914996] cloud-init[956]: ci-info: |   3   |   ff00::/8  |    ::   |   enp0s3  |   U   |
         Starting LXD - unix socket.
[[0;32m  OK  [0m] Started Daily Cleanup of Temporary Directories.
[[0;32m  OK  [0m] Listening on ACPID Listen Socket.
[   12.930724] cloud-init[956]: ci-info: +-------+-------------+---------+-----------+-------+
[   12.945952] cloud-init[956]: Generating public/private rsa key pair.
[   12.946621] cloud-init[956]: Your identification has been saved in /etc/ssh/ssh_host_rsa_key.
[   13.043997] cloud-init[956]: Your public key has been saved in /etc/ssh/ssh_host_rsa_key.pub.
[   13.053049] cloud-init[956]: The key fingerprint is:
[[0;32m  OK  [0m] Started ACPI Events Check.
[   13.067091] cloud-init[956]: SHA256:PCl7QUJA/rFKQE6riEIqG0k9HS9ddL6yt7OSNu7ExII root@ubuntu-xenial
[   13.070863] cloud-init[956]: The key's randomart image is:
[[0;32m  OK  [0m] Reached target Paths.
[   13.073931] cloud-init[956]: +---[RSA 2048]----+
[   13.074078] cloud-init[956]: |  o.oo. .o .     |
[   13.074206] cloud-init[956]: | +.o..+ . o      |
[   13.075668] cloud-init[956]: | o+o.ooo.  .     |
[   13.076457] cloud-init[956]: |*o ...o*..  .    |
         [   13.077054] cloud-init[956]: |X   .E+.S+ .     |
[   13.078647] cloud-init[956]: |oo . . o+oo      |
[   13.079479] cloud-init[956]: |.   . . .+..     |
[   13.080242] cloud-init[956]: |       ..=...    |
[   13.080410] cloud-init[956]: |        +oooo    |
[   13.080846] cloud-init[956]: +----[SHA256]-----+
Starting Socket activation for snappy daemon.
[   13.081217] cloud-init[956]: Generating public/private dsa key pair.
[   13.085150] cloud-init[956]: Your identification has been saved in /etc/ssh/ssh_host_dsa_key.
[   13.085610] cloud-init[956]: Your public key has been saved in /etc/ssh/ssh_host_dsa_key.pub.
[   13.086046] cloud-init[956]: The key fingerprint is:
[   13.086283] cloud-init[956]: SHA256:aEEBw2gOBgvsGnIBj1Slol3sxn3EUhsc0HDw4PAJMQ4 root@ubuntu-xenial
[[0;32m  OK  [0m] Started Daily apt download activities.
[   13.086509] cloud-init[956]: The key's randomart image is:
[   13.096460] cloud-init[956]: +---[DSA 1024]----+
[   13.096777] cloud-init[956]: |*oE+O+BB=.       |
[   13.097117] cloud-init[956]: |+*++oO Boo       |
[   13.097443] cloud-init[956]: |==.o+ * =        |
[   13.097758] cloud-init[956]: |+o++ . =         |
[   13.098198] cloud-init[956]: |+o. + + S        |
[   13.098477] cloud-init[956]: |.  . . .         |
[   13.098565] cloud-init[956]: |                 |
[[0;32m  OK  [0m] Started Daily apt upgrade and clean activities.
[[   13.098660] [0;32m  OK  [0mcloud-init] [956]: Reached target Timers.|                 |

[   13.101645] cloud-init[956]: |                 |
[[0;32m  OK  [0m] Reached target Network is Online.
[   13.101934] cloud-init[956]: +----[SHA256]-----+
[   13.117219] cloud-init[956]: Generating public/private ecdsa key pair.
[   13.126287] cloud-init[956]: Your identification has been saved in /etc/ssh/ssh_host_ecdsa_key.
[   13.132331] cloud-init[956]: Your public key has been saved in /etc/ssh/ssh_host_ecdsa_key.pub.
[   13.135104] cloud-init[956]: The key fingerprint is:
[   13.140162] cloud-init[956]: SHA256:tUAnAdeasV4/BIF4DxvM979TlSG5OkKySNvt6eevcjk root@ubuntu-xenial
[   13.141007] cloud-init[956]: The key's randomart image is:
[   13.148151] cloud-init[956]: +---[ECDSA 256]---+
[   13.148668] cloud-init[956]: |      .==+o.  .  |
         Starting iSCSI initiator daemon (iscsid)...
[[0;32m  OK  [0m] Listening on LXD - unix socket.
[   13.164882] cloud-init[956]: |      .oOo+  o . |
[[0;32m  OK  [0m] Listening on Socket activation for snappy daemon.
[   13.165321] cloud-init[956]: |       ..@.o  o o|
[   13.166730] cloud-init[956]: |     . .=+o.o. ..|
[   13.176712] cloud-init[956]: |    . +.S..o..  .|
[   13.176846] [cloud-init[0;32m  OK  [0m[956]: ] |     o o.o oo . .|Reached target Sockets.

[   13.176887] cloud-init[956]: |        . o o. o |
[   13.178048] cloud-init[956]: |         + E  o  |
[   13.178179] cloud-init[956]: |        ..=o+. . |
[[0;32m  OK  [0m] Reached target Basic System.
[   13.178289] cloud-init[956]: +----[SHA256]-----+
[   13.179897] cloud-init[956]: Generating public/private ed25519 key pair.
[   13.180887] cloud-init[956]: Your identification has been saved in /etc/ssh/ssh_host_ed25519_key.
[   13.181058]          cloud-initStarting System Logging Service...[956]: 
Your public key has been saved in /etc/ssh/ssh_host_ed25519_key.pub.
[   13.182616] cloud-init[956]: The key fingerprint is:
[   13.183355] cloud-init[956]: SHA256:rrbv0q8JJe2RayLYoLvrzZjAZfrK1ynEFuGxWPFSq+4 root@ubuntu-xenial
[   13.183511] cloud-init[956]: The key's randomart image is:
[   13.185158] cloud-init[956]: +--[ED25519 256]--+         
Starting Accounts Service...[   13.185211] 
cloud-init[956]: |   ...           |
         Starting /etc/rc.local Compatibility...
[[0;32m  OK  [0m] Started D-Bus System Message Bus.
[   13.185253] cloud-init[956]: |   +o .          |
[   13.196874] cloud-init[956]: |  +.+o           |
[   13.208849] cloud-init[956]: | . +o  . .       |
[   13.216597] cloud-init[956]: |  o+. . S        |
[   13.218262] cloud-init[956]: |..=B   = o       |
[   13.218947] cloud-init[956]: |oo+.+ +.=        |
[   13.219608] cloud-init[956]: |o.Bo +o=..       |
[   13.228388] cloud-init[956]: |=OoE..o==o.      |
[   13.240760] cloud-init[956]: +----[SHA256]-----+
         Starting Pollinate to seed the pseudo random number generator...
[[0;32m  OK  [0m] Started Regular background program processing daemon.
         Starting Login Service...
[[0;32m  OK  [0m] Started Deferred execution scheduler.
[[0;32m  OK  [0m] Started ACPI event daemon.
         Starting Virtualbox guest utils...
[[0;32m  OK  [0m] Started FUSE filesystem for LXC.
         Starting LSB: Record successful boot for GRUB...
         Starting Snap Daemon...
         Starting LSB: MD monitoring daemon...
         Starting LXD - container startup/shutdown...
[[0;32m  OK  [0m] Started System Logging Service.
[[0;32m  OK  [0m] Started iSCSI initiator daemon (iscsid).
[[0;32m  OK  [0m] Started /etc/rc.local Compatibility.
         Starting Login to default iSCSI targets...
         Starting Authenticate and Authorize Users to Run Privileged Tasks...
[[0;32m  OK  [0m] Started Login Service.
[[0;32m  OK  [0m] Started Unattended Upgrades Shutdown.
[[0;32m  OK  [0m] Started LSB: MD monitoring daemon.
[[0;32m  OK  [0m] Started Login to default iSCSI targets.
[[0;32m  OK  [0m] Reached target Remote File Systems (Pre).
[[0;32m  OK  [0m] Reached target Remote File Systems.
         Starting LSB: automatic crash report generation...
         Starting LSB: Set the CPU Frequency Scaling governor to "ondemand"...
         Starting Permit User Sessions...
         Starting LSB: daemon to balance interrupts for SMP systems...
[[0;32m  OK  [0m] Started Authenticate and Authorize Users to Run Privileged Tasks.
[[0;32m  OK  [0m] Started Accounts Service.
[[0;32m  OK  [0m] Started LSB: Set the CPU Frequency Scaling governor to "ondemand".
[[0;32m  OK  [0m] Started LSB: Record successful boot for GRUB.
[[0;32m  OK  [0m] Started Permit User Sessions.
         Starting Terminate Plymouth Boot Screen...
         Starting Hold until boot process finishes up...
[[0;32m  OK  [0m] Started Hold until boot process finishes up.
[[0;32m  OK  [0m] Started Getty on tty1.
[[0;32m  OK  [0m] Started Serial Getty on ttyS0.
[[0;32m  OK  [0m] Reached target Login Prompts.
         Starting Set console scheme...
[[0;32m  OK  [0m] Started Terminate Plymouth Boot Screen.
[[0;32m  OK  [0m] Started Set console scheme.
[[0;32m  OK  [0m] Started LSB: daemon to balance interrupts for SMP systems.
[[0;32m  OK  [0m] Started LSB: automatic crash report generation.
[[0;32m  OK  [0m] Started Virtualbox guest utils.
[[0;32m  OK  [0m] Started Pollinate to seed the pseudo random number generator.
         Starting OpenBSD Secure Shell server...
[[0;32m  OK  [0m] Started OpenBSD Secure Shell server.
[[0;32m  OK  [0m] Started LXD - container startup/shutdown.
[[0;32m  OK  [0m] Created slice User Slice of vagrant.
         Starting User Manager for UID 1000...
[[0;32m  OK  [0m] Started Session 1 of user vagrant.
[[0;32m  OK  [0m] Started Snap Daemon.
         Starting Wait until snapd is fully seeded...
[[0;32m  OK  [0m] Started User Manager for UID 1000.

Ubuntu 16.04.7 LTS ubuntu-xenial ttyS0

ubuntu-xenial login: [   22.005936] cloud-init[1414]: Generating locales (this might take a while)...
[   23.145021] cloud-init[1414]:   en_US.UTF-8... done
[   23.146113] cloud-init[1414]: Generation complete.
[   24.451230] cloud-init[1414]: Cloud-init v. 20.3-2-g371b392c-0ubuntu1~16.04.1 running 'modules:config' at Tue, 03 Nov 2020 14:41:23 +0000. Up 21.83 seconds.
ci-info: no authorized SSH keys fingerprints found for user ubuntu.
<14>Nov  3 14:41:27 ec2: 
<14>Nov  3 14:41:27 ec2: #############################################################
<14>Nov  3 14:41:27 ec2: -----BEGIN SSH HOST KEY FINGERPRINTS-----
<14>Nov  3 14:41:27 ec2: 1024 SHA256:aEEBw2gOBgvsGnIBj1Slol3sxn3EUhsc0HDw4PAJMQ4 root@ubuntu-xenial (DSA)
<14>Nov  3 14:41:27 ec2: 256 SHA256:tUAnAdeasV4/BIF4DxvM979TlSG5OkKySNvt6eevcjk root@ubuntu-xenial (ECDSA)
<14>Nov  3 14:41:27 ec2: 256 SHA256:rrbv0q8JJe2RayLYoLvrzZjAZfrK1ynEFuGxWPFSq+4 root@ubuntu-xenial (ED25519)
<14>Nov  3 14:41:27 ec2: 2048 SHA256:PCl7QUJA/rFKQE6riEIqG0k9HS9ddL6yt7OSNu7ExII root@ubuntu-xenial (RSA)
<14>Nov  3 14:41:27 ec2: -----END SSH HOST KEY FINGERPRINTS-----
<14>Nov  3 14:41:27 ec2: #############################################################
-----BEGIN SSH HOST KEY KEYS-----
ecdsa-sha2-nistp256 AAAAE2VjZHNhLXNoYTItbmlzdHAyNTYAAAAIbmlzdHAyNTYAAABBBGcgcyda9XtuvVHGbKWs14ft9z114ZKEXDZbaC2o1bOJbsRk3HMHzOrV9H+hK0Qf05eqlM2hDgJxNF6TObrAZzE= root@ubuntu-xenial
ssh-ed25519 AAAAC3NzaC1lZDI1NTE5AAAAIELJntc/04wAIz4kMwUu491kJw/daDgBH5PDUr4wHrQS root@ubuntu-xenial
ssh-rsa AAAAB3NzaC1yc2EAAAADAQABAAABAQC51aRQQLuzlLAzo/sk+B+ZP+hJd1IXLz49zrNAz5pzH87eAdzJQ/a3JdOtVW7toJo68J9BL3lH77Hd07P9TCol2+WrEMEML8HtbHLgFcZb+44v88/LAVq9McYZxegtBnsgHTr3E+nhvpR1hEnIDJN9R7W4jpD1GsTcn8gR93CI2SCOo4q/+cuBE7N8bLtn+Gqr4wEuJwWQEqLcGhS4zv8/xn9mcht+S6NXABWpTP7aFHoZFyUshy1TXv0aTfdHtb5ZYgEHQ+uRo/G9IMbdH6z256Zd/Nkejw00rrGSoWG/FqkdAZ//KqSB0kV5WyWcNLC5DK3gHk4q/es7uUw1xyOP root@ubuntu-xenial
-----END SSH HOST KEY KEYS-----
[   25.817248] cloud-init[1555]: Cloud-init v. 20.3-2-g371b392c-0ubuntu1~16.04.1 running 'modules:final' at Tue, 03 Nov 2020 14:41:26 +0000. Up 24.86 seconds.
[   25.817396] cloud-init[1555]: ci-info: no authorized SSH keys fingerprints found for user ubuntu.
[   25.817753] cloud-init[1555]: Cloud-init v. 20.3-2-g371b392c-0ubuntu1~16.04.1 finished at Tue, 03 Nov 2020 14:41:27 +0000. Datasource DataSourceNoCloud [seed=/dev/sdb][dsmode=net].  Up 25.81 seconds
